{"total": {"lines":{"total":175,"covered":175,"skipped":0,"pct":100},"statements":{"total":192,"covered":189,"skipped":0,"pct":98.43},"functions":{"total":75,"covered":75,"skipped":0,"pct":100},"branches":{"total":87,"covered":84,"skipped":0,"pct":96.55},"branchesTrue":{"total":0,"covered":0,"skipped":0,"pct":100}}
,"/home/davidtiger/bookmark-manager/src/app/layout.tsx": {"lines":{"total":2,"covered":2,"skipped":0,"pct":100},"functions":{"total":1,"covered":1,"skipped":0,"pct":100},"statements":{"total":2,"covered":2,"skipped":0,"pct":100},"branches":{"total":0,"covered":0,"skipped":0,"pct":100}}
,"/home/davidtiger/bookmark-manager/src/app/page.tsx": {"lines":{"total":1,"covered":1,"skipped":0,"pct":100},"functions":{"total":1,"covered":1,"skipped":0,"pct":100},"statements":{"total":1,"covered":1,"skipped":0,"pct":100},"branches":{"total":0,"covered":0,"skipped":0,"pct":100}}
,"/home/davidtiger/bookmark-manager/src/app/bookmarks/page.tsx": {"lines":{"total":27,"covered":27,"skipped":0,"pct":100},"functions":{"total":12,"covered":12,"skipped":0,"pct":100},"statements":{"total":29,"covered":29,"skipped":0,"pct":100},"branches":{"total":10,"covered":10,"skipped":0,"pct":100}}
,"/home/davidtiger/bookmark-manager/src/components/AddBookmarkButton.tsx": {"lines":{"total":2,"covered":2,"skipped":0,"pct":100},"functions":{"total":1,"covered":1,"skipped":0,"pct":100},"statements":{"total":2,"covered":2,"skipped":0,"pct":100},"branches":{"total":0,"covered":0,"skipped":0,"pct":100}}
,"/home/davidtiger/bookmark-manager/src/components/AddBookmarkModal.tsx": {"lines":{"total":14,"covered":14,"skipped":0,"pct":100},"functions":{"total":5,"covered":5,"skipped":0,"pct":100},"statements":{"total":15,"covered":15,"skipped":0,"pct":100},"branches":{"total":17,"covered":17,"skipped":0,"pct":100}}
,"/home/davidtiger/bookmark-manager/src/components/BookmarkCircle.tsx": {"lines":{"total":7,"covered":7,"skipped":0,"pct":100},"functions":{"total":5,"covered":5,"skipped":0,"pct":100},"statements":{"total":7,"covered":7,"skipped":0,"pct":100},"branches":{"total":4,"covered":4,"skipped":0,"pct":100}}
,"/home/davidtiger/bookmark-manager/src/components/BookmarkGrid.tsx": {"lines":{"total":6,"covered":6,"skipped":0,"pct":100},"functions":{"total":5,"covered":5,"skipped":0,"pct":100},"statements":{"total":8,"covered":8,"skipped":0,"pct":100},"branches":{"total":6,"covered":6,"skipped":0,"pct":100}}
,"/home/davidtiger/bookmark-manager/src/components/SearchBar.tsx": {"lines":{"total":3,"covered":3,"skipped":0,"pct":100},"functions":{"total":2,"covered":2,"skipped":0,"pct":100},"statements":{"total":3,"covered":3,"skipped":0,"pct":100},"branches":{"total":0,"covered":0,"skipped":0,"pct":100}}
,"/home/davidtiger/bookmark-manager/src/components/SortMenu.tsx": {"lines":{"total":12,"covered":12,"skipped":0,"pct":100},"functions":{"total":8,"covered":8,"skipped":0,"pct":100},"statements":{"total":16,"covered":16,"skipped":0,"pct":100},"branches":{"total":8,"covered":8,"skipped":0,"pct":100}}
,"/home/davidtiger/bookmark-manager/src/components/ThemeToggle.tsx": {"lines":{"total":10,"covered":10,"skipped":0,"pct":100},"functions":{"total":3,"covered":3,"skipped":0,"pct":100},"statements":{"total":10,"covered":10,"skipped":0,"pct":100},"branches":{"total":4,"covered":4,"skipped":0,"pct":100}}
,"/home/davidtiger/bookmark-manager/src/components/WallpaperMenu.tsx": {"lines":{"total":29,"covered":29,"skipped":0,"pct":100},"functions":{"total":14,"covered":14,"skipped":0,"pct":100},"statements":{"total":32,"covered":32,"skipped":0,"pct":100},"branches":{"total":12,"covered":12,"skipped":0,"pct":100}}
,"/home/davidtiger/bookmark-manager/src/lib/appearance.ts": {"lines":{"total":32,"covered":32,"skipped":0,"pct":100},"functions":{"total":7,"covered":7,"skipped":0,"pct":100},"statements":{"total":35,"covered":33,"skipped":0,"pct":94.28},"branches":{"total":16,"covered":14,"skipped":0,"pct":87.5}}
,"/home/davidtiger/bookmark-manager/src/lib/favicon.ts": {"lines":{"total":7,"covered":7,"skipped":0,"pct":100},"functions":{"total":2,"covered":2,"skipped":0,"pct":100},"statements":{"total":7,"covered":7,"skipped":0,"pct":100},"branches":{"total":2,"covered":2,"skipped":0,"pct":100}}
,"/home/davidtiger/bookmark-manager/src/lib/storage.ts": {"lines":{"total":23,"covered":23,"skipped":0,"pct":100},"functions":{"total":9,"covered":9,"skipped":0,"pct":100},"statements":{"total":25,"covered":24,"skipped":0,"pct":96},"branches":{"total":8,"covered":7,"skipped":0,"pct":87.5}}
}
